CRITICAL - 2022-04-03 01:50:00 --> Invalid file: public/style.php
#0 C:\xampp\htdocs\belajar_codeigneter\system\View\View.php(198): CodeIgniter\Exceptions\FrameworkException::forInvalidFile('public/style.ph...')
#1 C:\xampp\htdocs\belajar_codeigneter\system\View\View.php(226): CodeIgniter\View\View->render('public/style', Array, true)
#2 C:\xampp\htdocs\belajar_codeigneter\system\Common.php(1089): CodeIgniter\View\View->render('pages/home', Array, true)
#3 C:\xampp\htdocs\belajar_codeigneter\app\Controllers\Pages.php(13): view('pages/home', Array)
#4 C:\xampp\htdocs\belajar_codeigneter\system\CodeIgniter.php(832): App\Controllers\Pages->index()
#5 C:\xampp\htdocs\belajar_codeigneter\system\CodeIgniter.php(419): CodeIgniter\CodeIgniter->runController(Object(App\Controllers\Pages))
#6 C:\xampp\htdocs\belajar_codeigneter\system\CodeIgniter.php(326): CodeIgniter\CodeIgniter->handleRequest(NULL, Object(Config\Cache), false)
#7 C:\xampp\htdocs\belajar_codeigneter\public\index.php(37): CodeIgniter\CodeIgniter->run()
#8 C:\xampp\htdocs\belajar_codeigneter\system\Commands\Server\rewrite.php(43): require_once('C:\\xampp\\htdocs...')
#9 {main}
CRITICAL - 2022-04-03 01:50:51 --> Invalid file: public/style.php
#0 C:\xampp\htdocs\belajar_codeigneter\system\View\View.php(198): CodeIgniter\Exceptions\FrameworkException::forInvalidFile('public/style.ph...')
#1 C:\xampp\htdocs\belajar_codeigneter\system\View\View.php(226): CodeIgniter\View\View->render('public/style', Array, true)
#2 C:\xampp\htdocs\belajar_codeigneter\system\Common.php(1089): CodeIgniter\View\View->render('pages/home', Array, true)
#3 C:\xampp\htdocs\belajar_codeigneter\app\Controllers\Pages.php(13): view('pages/home', Array)
#4 C:\xampp\htdocs\belajar_codeigneter\system\CodeIgniter.php(832): App\Controllers\Pages->index()
#5 C:\xampp\htdocs\belajar_codeigneter\system\CodeIgniter.php(419): CodeIgniter\CodeIgniter->runController(Object(App\Controllers\Pages))
#6 C:\xampp\htdocs\belajar_codeigneter\system\CodeIgniter.php(326): CodeIgniter\CodeIgniter->handleRequest(NULL, Object(Config\Cache), false)
#7 C:\xampp\htdocs\belajar_codeigneter\public\index.php(37): CodeIgniter\CodeIgniter->run()
#8 C:\xampp\htdocs\belajar_codeigneter\system\Commands\Server\rewrite.php(43): require_once('C:\\xampp\\htdocs...')
#9 {main}
CRITICAL - 2022-04-03 01:51:00 --> Invalid file: public/style.css
#0 C:\xampp\htdocs\belajar_codeigneter\system\View\View.php(198): CodeIgniter\Exceptions\FrameworkException::forInvalidFile('public/style.cs...')
#1 C:\xampp\htdocs\belajar_codeigneter\system\View\View.php(226): CodeIgniter\View\View->render('public/style.cs...', Array, true)
#2 C:\xampp\htdocs\belajar_codeigneter\system\Common.php(1089): CodeIgniter\View\View->render('pages/home', Array, true)
#3 C:\xampp\htdocs\belajar_codeigneter\app\Controllers\Pages.php(13): view('pages/home', Array)
#4 C:\xampp\htdocs\belajar_codeigneter\system\CodeIgniter.php(832): App\Controllers\Pages->index()
#5 C:\xampp\htdocs\belajar_codeigneter\system\CodeIgniter.php(419): CodeIgniter\CodeIgniter->runController(Object(App\Controllers\Pages))
#6 C:\xampp\htdocs\belajar_codeigneter\system\CodeIgniter.php(326): CodeIgniter\CodeIgniter->handleRequest(NULL, Object(Config\Cache), false)
#7 C:\xampp\htdocs\belajar_codeigneter\public\index.php(37): CodeIgniter\CodeIgniter->run()
#8 C:\xampp\htdocs\belajar_codeigneter\system\Commands\Server\rewrite.php(43): require_once('C:\\xampp\\htdocs...')
#9 {main}
CRITICAL - 2022-04-03 01:51:16 --> Invalid file: public.php
#0 C:\xampp\htdocs\belajar_codeigneter\system\View\View.php(198): CodeIgniter\Exceptions\FrameworkException::forInvalidFile('public.php')
#1 C:\xampp\htdocs\belajar_codeigneter\system\View\View.php(226): CodeIgniter\View\View->render('public', Array, true)
#2 C:\xampp\htdocs\belajar_codeigneter\system\Common.php(1089): CodeIgniter\View\View->render('pages/home', Array, true)
#3 C:\xampp\htdocs\belajar_codeigneter\app\Controllers\Pages.php(13): view('pages/home', Array)
#4 C:\xampp\htdocs\belajar_codeigneter\system\CodeIgniter.php(832): App\Controllers\Pages->index()
#5 C:\xampp\htdocs\belajar_codeigneter\system\CodeIgniter.php(419): CodeIgniter\CodeIgniter->runController(Object(App\Controllers\Pages))
#6 C:\xampp\htdocs\belajar_codeigneter\system\CodeIgniter.php(326): CodeIgniter\CodeIgniter->handleRequest(NULL, Object(Config\Cache), false)
#7 C:\xampp\htdocs\belajar_codeigneter\public\index.php(37): CodeIgniter\CodeIgniter->run()
#8 C:\xampp\htdocs\belajar_codeigneter\system\Commands\Server\rewrite.php(43): require_once('C:\\xampp\\htdocs...')
#9 {main}
