CRITICAL - 2022-04-02 08:15:41 --> syntax error, unexpected token "}", expecting "," or ";"
#0 C:\xampp\htdocs\belajar_codeigneter\system\Autoloader\Autoloader.php(241): CodeIgniter\Autoloader\Autoloader->includeFile('C:\\xampp\\htdocs...')
#1 C:\xampp\htdocs\belajar_codeigneter\system\Autoloader\Autoloader.php(219): CodeIgniter\Autoloader\Autoloader->loadInNamespace('App\\Controllers...')
#2 [internal function]: CodeIgniter\Autoloader\Autoloader->loadClass('App\\Controllers...')
#3 C:\xampp\htdocs\belajar_codeigneter\system\CodeIgniter.php(797): class_exists('\\App\\Controller...', true)
#4 C:\xampp\htdocs\belajar_codeigneter\system\CodeIgniter.php(406): CodeIgniter\CodeIgniter->startController()
#5 C:\xampp\htdocs\belajar_codeigneter\system\CodeIgniter.php(326): CodeIgniter\CodeIgniter->handleRequest(NULL, Object(Config\Cache), false)
#6 C:\xampp\htdocs\belajar_codeigneter\public\index.php(37): CodeIgniter\CodeIgniter->run()
#7 C:\xampp\htdocs\belajar_codeigneter\system\Commands\Server\rewrite.php(43): require_once('C:\\xampp\\htdocs...')
#8 {main}
CRITICAL - 2022-04-02 08:59:10 --> Invalid file: about.php
#0 C:\xampp\htdocs\belajar_codeigneter\system\View\View.php(198): CodeIgniter\Exceptions\FrameworkException::forInvalidFile('about.php')
#1 C:\xampp\htdocs\belajar_codeigneter\system\Common.php(1089): CodeIgniter\View\View->render('about', Array, true)
#2 C:\xampp\htdocs\belajar_codeigneter\app\Controllers\Pages.php(14): view('about')
#3 C:\xampp\htdocs\belajar_codeigneter\system\CodeIgniter.php(832): App\Controllers\Pages->about()
#4 C:\xampp\htdocs\belajar_codeigneter\system\CodeIgniter.php(419): CodeIgniter\CodeIgniter->runController(Object(App\Controllers\Pages))
#5 C:\xampp\htdocs\belajar_codeigneter\system\CodeIgniter.php(326): CodeIgniter\CodeIgniter->handleRequest(NULL, Object(Config\Cache), false)
#6 C:\xampp\htdocs\belajar_codeigneter\public\index.php(37): CodeIgniter\CodeIgniter->run()
#7 C:\xampp\htdocs\belajar_codeigneter\system\Commands\Server\rewrite.php(43): require_once('C:\\xampp\\htdocs...')
#8 {main}
CRITICAL - 2022-04-02 09:10:56 --> Invalid file: paes/header.php
#0 C:\xampp\htdocs\belajar_codeigneter\system\View\View.php(198): CodeIgniter\Exceptions\FrameworkException::forInvalidFile('paes/header.php')
#1 C:\xampp\htdocs\belajar_codeigneter\system\Common.php(1089): CodeIgniter\View\View->render('paes/header', Array, true)
#2 C:\xampp\htdocs\belajar_codeigneter\app\Controllers\Pages.php(14): view('paes/header')
#3 C:\xampp\htdocs\belajar_codeigneter\system\CodeIgniter.php(832): App\Controllers\Pages->about()
#4 C:\xampp\htdocs\belajar_codeigneter\system\CodeIgniter.php(419): CodeIgniter\CodeIgniter->runController(Object(App\Controllers\Pages))
#5 C:\xampp\htdocs\belajar_codeigneter\system\CodeIgniter.php(326): CodeIgniter\CodeIgniter->handleRequest(NULL, Object(Config\Cache), false)
#6 C:\xampp\htdocs\belajar_codeigneter\public\index.php(37): CodeIgniter\CodeIgniter->run()
#7 C:\xampp\htdocs\belajar_codeigneter\system\Commands\Server\rewrite.php(43): require_once('C:\\xampp\\htdocs...')
#8 {main}
CRITICAL - 2022-04-02 09:11:30 --> Invalid file: paes/header.php
#0 C:\xampp\htdocs\belajar_codeigneter\system\View\View.php(198): CodeIgniter\Exceptions\FrameworkException::forInvalidFile('paes/header.php')
#1 C:\xampp\htdocs\belajar_codeigneter\system\Common.php(1089): CodeIgniter\View\View->render('paes/header', Array, true)
#2 C:\xampp\htdocs\belajar_codeigneter\app\Controllers\Pages.php(14): view('paes/header')
#3 C:\xampp\htdocs\belajar_codeigneter\system\CodeIgniter.php(832): App\Controllers\Pages->about()
#4 C:\xampp\htdocs\belajar_codeigneter\system\CodeIgniter.php(419): CodeIgniter\CodeIgniter->runController(Object(App\Controllers\Pages))
#5 C:\xampp\htdocs\belajar_codeigneter\system\CodeIgniter.php(326): CodeIgniter\CodeIgniter->handleRequest(NULL, Object(Config\Cache), false)
#6 C:\xampp\htdocs\belajar_codeigneter\public\index.php(37): CodeIgniter\CodeIgniter->run()
#7 C:\xampp\htdocs\belajar_codeigneter\system\Commands\Server\rewrite.php(43): require_once('C:\\xampp\\htdocs...')
#8 {main}
CRITICAL - 2022-04-02 09:11:36 --> Invalid file: paes/header.php
#0 C:\xampp\htdocs\belajar_codeigneter\system\View\View.php(198): CodeIgniter\Exceptions\FrameworkException::forInvalidFile('paes/header.php')
#1 C:\xampp\htdocs\belajar_codeigneter\system\Common.php(1089): CodeIgniter\View\View->render('paes/header', Array, true)
#2 C:\xampp\htdocs\belajar_codeigneter\app\Controllers\Pages.php(14): view('paes/header')
#3 C:\xampp\htdocs\belajar_codeigneter\system\CodeIgniter.php(832): App\Controllers\Pages->about()
#4 C:\xampp\htdocs\belajar_codeigneter\system\CodeIgniter.php(419): CodeIgniter\CodeIgniter->runController(Object(App\Controllers\Pages))
#5 C:\xampp\htdocs\belajar_codeigneter\system\CodeIgniter.php(326): CodeIgniter\CodeIgniter->handleRequest(NULL, Object(Config\Cache), false)
#6 C:\xampp\htdocs\belajar_codeigneter\public\index.php(37): CodeIgniter\CodeIgniter->run()
#7 C:\xampp\htdocs\belajar_codeigneter\system\Commands\Server\rewrite.php(43): require_once('C:\\xampp\\htdocs...')
#8 {main}
